<?xml version="1.0" encoding="UTF-8"?>
<testng-results ignored="0" total="1" passed="1" failed="0" skipped="0">
  <reporter-output>
  </reporter-output>
  <suite started-at="2022-08-22T20:20:06 IST" name="Default suite" finished-at="2022-08-22T20:20:13 IST" duration-ms="7479">
    <groups>
    </groups>
    <test started-at="2022-08-22T20:20:06 IST" name="Default test" finished-at="2022-08-22T20:20:13 IST" duration-ms="7479">
      <class name="Com.Test.Test_tc_003$Test_tc_001">
        <test-method is-config="true" signature="bs()[pri:0, instance:Com.Test.Test_tc_003$Test_tc_001@47e2e487]" started-at="2022-08-22T20:20:04 IST" name="bs" finished-at="2022-08-22T20:20:06 IST" duration-ms="1400" status="PASS">
          <reporter-output>
          </reporter-output>
        </test-method> <!-- bs -->
        <test-method is-config="true" signature="setup()[pri:0, instance:Com.Test.Test_tc_003$Test_tc_001@47e2e487]" started-at="2022-08-22T20:20:06 IST" name="setup" finished-at="2022-08-22T20:20:10 IST" duration-ms="4584" status="PASS">
          <reporter-output>
          </reporter-output>
        </test-method> <!-- setup -->
        <test-method signature="Test_Login_invalidData()[pri:0, instance:Com.Test.Test_tc_003$Test_tc_001@47e2e487]" started-at="2022-08-22T20:20:10 IST" name="Test_Login_invalidData" finished-at="2022-08-22T20:20:11 IST" duration-ms="344" status="PASS">
          <reporter-output>
          </reporter-output>
        </test-method> <!-- Test_Login_invalidData -->
        <test-method is-config="true" signature="close()[pri:0, instance:Com.Test.Test_tc_003$Test_tc_001@47e2e487]" started-at="2022-08-22T20:20:11 IST" name="close" finished-at="2022-08-22T20:20:13 IST" duration-ms="2501" status="PASS">
          <reporter-output>
          </reporter-output>
        </test-method> <!-- close -->
      </class> <!-- Com.Test.Test_tc_003$Test_tc_001 -->
    </test> <!-- Default test -->
  </suite> <!-- Default suite -->
</testng-results>
